[0409/090818.711:INFO:CONSOLE(7)] "THREE.ColladaLoader: File version 1.4.0", source: file:///C:/Program%20Files/AnyLogic%208.9%20Personal%20Learning%20Edition/plugins/com.anylogic.graphics3d_8.9.8.202602271015/static/init.js (7)
[0409/090818.731:INFO:CONSOLE(13)] "Loaded: file:C:/Users/Wilco.Sievers/OneDrive - 4Sight Holdings Ltd/Documents/AnyLogic/In3Days/CHP3-DEM/Job Shop/3d/forklift.dae", source: file:///C:/Program%20Files/AnyLogic%208.9%20Personal%20Learning%20Edition/plugins/com.anylogic.graphics3d_8.9.8.202602271015/static/init.js (13)
[0409/090818.736:INFO:CONSOLE(13)] "Loaded: file:C:/Users/Wilco.Sievers/OneDrive - 4Sight Holdings Ltd/Documents/AnyLogic/In3Days/CHP3-DEM/Job Shop/3d/forklift.dae", source: file:///C:/Program%20Files/AnyLogic%208.9%20Personal%20Learning%20Edition/plugins/com.anylogic.graphics3d_8.9.8.202602271015/static/init.js (13)
[0409/090818.854:INFO:CONSOLE(7)] "THREE.ColladaLoader: File version 1.4.0", source: file:///C:/Program%20Files/AnyLogic%208.9%20Personal%20Learning%20Edition/plugins/com.anylogic.graphics3d_8.9.8.202602271015/static/init.js (7)
[0409/090818.886:INFO:CONSOLE(13)] "Loaded: file:C:/Users/Wilco.Sievers/OneDrive - 4Sight Holdings Ltd/Documents/AnyLogic/In3Days/CHP3-DEM/Job Shop/3d/sittingworker.dae", source: file:///C:/Program%20Files/AnyLogic%208.9%20Personal%20Learning%20Edition/plugins/com.anylogic.graphics3d_8.9.8.202602271015/static/init.js (13)
[0409/090818.889:INFO:CONSOLE(13)] "Loaded: file:C:/Users/Wilco.Sievers/OneDrive - 4Sight Holdings Ltd/Documents/AnyLogic/In3Days/CHP3-DEM/Job Shop/3d/sittingworker.dae", source: file:///C:/Program%20Files/AnyLogic%208.9%20Personal%20Learning%20Edition/plugins/com.anylogic.graphics3d_8.9.8.202602271015/static/init.js (13)
[0409/091015.585:ERROR:gpu_init.cc(523)] Passthrough is not supported, GL is disabled, ANGLE is 
[0410/074551.194:INFO:CONSOLE(7)] "THREE.ColladaLoader: File version 1.4.0", source: file:///C:/Program%20Files/AnyLogic%208.9%20Personal%20Learning%20Edition/plugins/com.anylogic.graphics3d_8.9.8.202602271015/static/init.js (7)
[0410/074551.208:INFO:CONSOLE(13)] "Loaded: file:C:/Users/Wilco.Sievers/OneDrive - 4Sight Holdings Ltd/Documents/AnyLogic/In3Days/CHP3-DEM/Job Shop/3d/forklift.dae", source: file:///C:/Program%20Files/AnyLogic%208.9%20Personal%20Learning%20Edition/plugins/com.anylogic.graphics3d_8.9.8.202602271015/static/init.js (13)
[0410/074551.214:INFO:CONSOLE(13)] "Loaded: file:C:/Users/Wilco.Sievers/OneDrive - 4Sight Holdings Ltd/Documents/AnyLogic/In3Days/CHP3-DEM/Job Shop/3d/forklift.dae", source: file:///C:/Program%20Files/AnyLogic%208.9%20Personal%20Learning%20Edition/plugins/com.anylogic.graphics3d_8.9.8.202602271015/static/init.js (13)
[0410/074551.286:INFO:CONSOLE(7)] "THREE.ColladaLoader: File version 1.4.0", source: file:///C:/Program%20Files/AnyLogic%208.9%20Personal%20Learning%20Edition/plugins/com.anylogic.graphics3d_8.9.8.202602271015/static/init.js (7)
[0410/074551.313:INFO:CONSOLE(13)] "Loaded: file:C:/Users/Wilco.Sievers/OneDrive - 4Sight Holdings Ltd/Documents/AnyLogic/In3Days/CHP3-DEM/Job Shop/3d/sittingworker.dae", source: file:///C:/Program%20Files/AnyLogic%208.9%20Personal%20Learning%20Edition/plugins/com.anylogic.graphics3d_8.9.8.202602271015/static/init.js (13)
[0410/074551.317:INFO:CONSOLE(13)] "Loaded: file:C:/Users/Wilco.Sievers/OneDrive - 4Sight Holdings Ltd/Documents/AnyLogic/In3Days/CHP3-DEM/Job Shop/3d/sittingworker.dae", source: file:///C:/Program%20Files/AnyLogic%208.9%20Personal%20Learning%20Edition/plugins/com.anylogic.graphics3d_8.9.8.202602271015/static/init.js (13)
[0410/074747.906:ERROR:gpu_init.cc(523)] Passthrough is not supported, GL is disabled, ANGLE is 
[0410/075422.984:INFO:CONSOLE(7)] "THREE.ColladaLoader: File version 1.4.0", source: file:///C:/Program%20Files/AnyLogic%208.9%20Personal%20Learning%20Edition/plugins/com.anylogic.graphics3d_8.9.8.202602271015/static/init.js (7)
[0410/075422.994:INFO:CONSOLE(13)] "Loaded: file:C:/Users/Wilco.Sievers/OneDrive - 4Sight Holdings Ltd/Documents/AnyLogic/In3Days/CHP3-DEM/Job Shop/3d/pallet.dae", source: file:///C:/Program%20Files/AnyLogic%208.9%20Personal%20Learning%20Edition/plugins/com.anylogic.graphics3d_8.9.8.202602271015/static/init.js (13)
[0410/075423.000:INFO:CONSOLE(13)] "Loaded: file:C:/Users/Wilco.Sievers/OneDrive - 4Sight Holdings Ltd/Documents/AnyLogic/In3Days/CHP3-DEM/Job Shop/3d/pallet.dae", source: file:///C:/Program%20Files/AnyLogic%208.9%20Personal%20Learning%20Edition/plugins/com.anylogic.graphics3d_8.9.8.202602271015/static/init.js (13)
[0410/080503.690:INFO:CONSOLE(13)] "Loaded: file:C:/Users/Wilco.Sievers/OneDrive - 4Sight Holdings Ltd/Documents/AnyLogic/In3Days/CHP3-DEM/Job Shop/3d/pallet.dae", source: file:///C:/Program%20Files/AnyLogic%208.9%20Personal%20Learning%20Edition/plugins/com.anylogic.graphics3d_8.9.8.202602271015/static/init.js (13)
[0410/080503.699:INFO:CONSOLE(13)] "Loaded: file:C:/Users/Wilco.Sievers/OneDrive - 4Sight Holdings Ltd/Documents/AnyLogic/In3Days/CHP3-DEM/Job Shop/3d/pallet.dae", source: file:///C:/Program%20Files/AnyLogic%208.9%20Personal%20Learning%20Edition/plugins/com.anylogic.graphics3d_8.9.8.202602271015/static/init.js (13)
[0410/080503.706:INFO:CONSOLE(13)] "Loaded: file:C:/Users/Wilco.Sievers/OneDrive - 4Sight Holdings Ltd/Documents/AnyLogic/In3Days/CHP3-DEM/Job Shop/3d/pallet.dae", source: file:///C:/Program%20Files/AnyLogic%208.9%20Personal%20Learning%20Edition/plugins/com.anylogic.graphics3d_8.9.8.202602271015/static/init.js (13)
[0410/080514.442:INFO:CONSOLE(13)] "Loaded: file:C:/Users/Wilco.Sievers/OneDrive - 4Sight Holdings Ltd/Documents/AnyLogic/In3Days/CHP3-DEM/Job Shop/3d/pallet.dae", source: file:///C:/Program%20Files/AnyLogic%208.9%20Personal%20Learning%20Edition/plugins/com.anylogic.graphics3d_8.9.8.202602271015/static/init.js (13)
[0410/080605.258:INFO:CONSOLE(13)] "Loaded: file:C:/Users/Wilco.Sievers/OneDrive - 4Sight Holdings Ltd/Documents/AnyLogic/In3Days/CHP3-DEM/Job Shop/3d/pallet.dae", source: file:///C:/Program%20Files/AnyLogic%208.9%20Personal%20Learning%20Edition/plugins/com.anylogic.graphics3d_8.9.8.202602271015/static/init.js (13)
[0410/080711.711:INFO:CONSOLE(13)] "Loaded: file:C:/Users/Wilco.Sievers/OneDrive - 4Sight Holdings Ltd/Documents/AnyLogic/In3Days/CHP3-DEM/Job Shop/3d/pallet.dae", source: file:///C:/Program%20Files/AnyLogic%208.9%20Personal%20Learning%20Edition/plugins/com.anylogic.graphics3d_8.9.8.202602271015/static/init.js (13)
[0410/080818.172:INFO:CONSOLE(7)] "THREE.ColladaLoader: File version 1.4.0", source: file:///C:/Program%20Files/AnyLogic%208.9%20Personal%20Learning%20Edition/plugins/com.anylogic.graphics3d_8.9.8.202602271015/static/init.js (7)
[0410/080818.174:INFO:CONSOLE(13)] "Loaded: file:C:/Users/Wilco.Sievers/OneDrive - 4Sight Holdings Ltd/Documents/AnyLogic/In3Days/CHP3-DEM/Job Shop/3d/box_1_closed.dae", source: file:///C:/Program%20Files/AnyLogic%208.9%20Personal%20Learning%20Edition/plugins/com.anylogic.graphics3d_8.9.8.202602271015/static/init.js (13)
[0410/080818.177:INFO:CONSOLE(13)] "Loaded: file:C:/Users/Wilco.Sievers/OneDrive - 4Sight Holdings Ltd/Documents/AnyLogic/In3Days/CHP3-DEM/Job Shop/3d/box_1_closed.dae", source: file:///C:/Program%20Files/AnyLogic%208.9%20Personal%20Learning%20Edition/plugins/com.anylogic.graphics3d_8.9.8.202602271015/static/init.js (13)
[0410/080818.245:INFO:CONSOLE(13)] "Loaded: file:C:/Users/Wilco.Sievers/OneDrive - 4Sight Holdings Ltd/Documents/AnyLogic/In3Days/CHP3-DEM/Job Shop/3d/box_1_closed.dae", source: file:///C:/Program%20Files/AnyLogic%208.9%20Personal%20Learning%20Edition/plugins/com.anylogic.graphics3d_8.9.8.202602271015/static/init.js (13)
[0410/080818.258:INFO:CONSOLE(13)] "Loaded: file:C:/Users/Wilco.Sievers/OneDrive - 4Sight Holdings Ltd/Documents/AnyLogic/In3Days/CHP3-DEM/Job Shop/3d/box_1_closed.dae", source: file:///C:/Program%20Files/AnyLogic%208.9%20Personal%20Learning%20Edition/plugins/com.anylogic.graphics3d_8.9.8.202602271015/static/init.js (13)
[0410/080818.266:INFO:CONSOLE(13)] "Loaded: file:C:/Users/Wilco.Sievers/OneDrive - 4Sight Holdings Ltd/Documents/AnyLogic/In3Days/CHP3-DEM/Job Shop/3d/box_1_closed.dae", source: file:///C:/Program%20Files/AnyLogic%208.9%20Personal%20Learning%20Edition/plugins/com.anylogic.graphics3d_8.9.8.202602271015/static/init.js (13)
[0410/080824.471:INFO:CONSOLE(13)] "Loaded: file:C:/Users/Wilco.Sievers/OneDrive - 4Sight Holdings Ltd/Documents/AnyLogic/In3Days/CHP3-DEM/Job Shop/3d/box_1_closed.dae", source: file:///C:/Program%20Files/AnyLogic%208.9%20Personal%20Learning%20Edition/plugins/com.anylogic.graphics3d_8.9.8.202602271015/static/init.js (13)
[0410/081845.305:INFO:CONSOLE(7)] "THREE.ColladaLoader: File version 1.4.0", source: file:///C:/Program%20Files/AnyLogic%208.9%20Personal%20Learning%20Edition/plugins/com.anylogic.graphics3d_8.9.8.202602271015/static/init.js (7)
[0410/081845.315:INFO:CONSOLE(13)] "Loaded: file:C:/Users/Wilco.Sievers/OneDrive - 4Sight Holdings Ltd/Documents/AnyLogic/In3Days/CHP3-DEM/Job Shop/3d/truck.dae", source: file:///C:/Program%20Files/AnyLogic%208.9%20Personal%20Learning%20Edition/plugins/com.anylogic.graphics3d_8.9.8.202602271015/static/init.js (13)
[0410/081845.320:INFO:CONSOLE(13)] "Loaded: file:C:/Users/Wilco.Sievers/OneDrive - 4Sight Holdings Ltd/Documents/AnyLogic/In3Days/CHP3-DEM/Job Shop/3d/truck.dae", source: file:///C:/Program%20Files/AnyLogic%208.9%20Personal%20Learning%20Edition/plugins/com.anylogic.graphics3d_8.9.8.202602271015/static/init.js (13)
[0410/084258.950:INFO:CONSOLE(7)] "THREE.ColladaLoader: File version 1.4.0", source: file:///C:/Program%20Files/AnyLogic%208.9%20Personal%20Learning%20Edition/plugins/com.anylogic.graphics3d_8.9.8.202602271015/static/init.js (7)
[0410/084258.975:INFO:CONSOLE(13)] "Loaded: file:C:/Users/Wilco.Sievers/OneDrive - 4Sight Holdings Ltd/Documents/AnyLogic/In3Days/CHP3-DEM/Job Shop/3d/truck.dae", source: file:///C:/Program%20Files/AnyLogic%208.9%20Personal%20Learning%20Edition/plugins/com.anylogic.graphics3d_8.9.8.202602271015/static/init.js (13)
[0410/084259.038:INFO:CONSOLE(13)] "Loaded: file:C:/Users/Wilco.Sievers/OneDrive - 4Sight Holdings Ltd/Documents/AnyLogic/In3Days/CHP3-DEM/Job Shop/3d/truck.dae", source: file:///C:/Program%20Files/AnyLogic%208.9%20Personal%20Learning%20Edition/plugins/com.anylogic.graphics3d_8.9.8.202602271015/static/init.js (13)
[0410/084259.045:INFO:CONSOLE(13)] "Loaded: file:C:/Users/Wilco.Sievers/OneDrive - 4Sight Holdings Ltd/Documents/AnyLogic/In3Days/CHP3-DEM/Job Shop/3d/truck.dae", source: file:///C:/Program%20Files/AnyLogic%208.9%20Personal%20Learning%20Edition/plugins/com.anylogic.graphics3d_8.9.8.202602271015/static/init.js (13)
[0410/084455.691:ERROR:gpu_init.cc(523)] Passthrough is not supported, GL is disabled, ANGLE is 
